2024-12-06T01:44:37.520372+00:00 WARNING 'ansible_navigator.image_manager.puller._log_message' Image inspection failed, image assumed to be corrupted or missing
2024-12-06T01:44:37.521935+00:00 WARNING 'ansible_navigator.image_manager.puller._log_message' stdout: []

2024-12-06T01:44:37.521962+00:00 WARNING 'ansible_navigator.image_manager.puller._log_message' stderr: Error: utility.lab.example.com/ee-supported-rhel8:latest: image not known

2024-12-06T01:44:37.797559+00:00 ERROR 'ansible_navigator.image_manager.puller._log_message' Execution environment pull failed
2024-12-06T01:45:01.589761+00:00 WARNING 'ansible_navigator.image_manager.puller._log_message' Image inspection failed, image assumed to be corrupted or missing
2024-12-06T01:45:01.590061+00:00 WARNING 'ansible_navigator.image_manager.puller._log_message' stdout: []

2024-12-06T01:45:01.590083+00:00 WARNING 'ansible_navigator.image_manager.puller._log_message' stderr: Error: utility.lab.example.com/ee-supported-rhel8:latest: image not known

2024-12-06T01:45:01.858170+00:00 ERROR 'ansible_navigator.image_manager.puller._log_message' Execution environment pull failed
2024-12-06T02:32:58.647496+00:00 WARNING 'ansible_navigator.image_manager.puller._log_message' Image inspection failed, image assumed to be corrupted or missing
2024-12-06T02:32:58.647802+00:00 WARNING 'ansible_navigator.image_manager.puller._log_message' stdout: []

2024-12-06T02:32:58.647825+00:00 WARNING 'ansible_navigator.image_manager.puller._log_message' stderr: Error: utility.lab.example.com/ee-supported-rhel8:latest: image not known

2024-12-06T02:32:58.918214+00:00 ERROR 'ansible_navigator.image_manager.puller._log_message' Execution environment pull failed
2024-12-06T02:39:28.619633+00:00 WARNING 'ansible_navigator.image_manager.puller._log_message' Image inspection failed, image assumed to be corrupted or missing
2024-12-06T02:39:28.619950+00:00 WARNING 'ansible_navigator.image_manager.puller._log_message' stdout: []

2024-12-06T02:39:28.619970+00:00 WARNING 'ansible_navigator.image_manager.puller._log_message' stderr: Error: registry.redhat.io/ansible-automation-platform-22/ee-supported-rhel8:latest: image not known

2024-12-06T02:39:29.289976+00:00 ERROR 'ansible_navigator.image_manager.puller._log_message' Execution environment pull failed
2024-12-06T02:40:10.495066+00:00 WARNING 'ansible_navigator.image_manager.puller._log_message' Image inspection failed, image assumed to be corrupted or missing
2024-12-06T02:40:10.495389+00:00 WARNING 'ansible_navigator.image_manager.puller._log_message' stdout: []

2024-12-06T02:40:10.495415+00:00 WARNING 'ansible_navigator.image_manager.puller._log_message' stderr: Error: quay.io/ansible/ansible-ee:latest: image not known

2024-12-06T02:40:11.438864+00:00 ERROR 'ansible_navigator.image_manager.puller._log_message' Execution environment pull failed
2024-12-06T02:40:40.568887+00:00 WARNING 'ansible_navigator.image_manager.puller._log_message' Image inspection failed, image assumed to be corrupted or missing
2024-12-06T02:40:40.569196+00:00 WARNING 'ansible_navigator.image_manager.puller._log_message' stdout: []

2024-12-06T02:40:40.569797+00:00 WARNING 'ansible_navigator.image_manager.puller._log_message' stderr: Error: docker.io/ansible/ansible-runner:latest: image not known

2024-12-06T02:40:42.185955+00:00 ERROR 'ansible_navigator.image_manager.puller._log_message' Execution environment pull failed
2024-12-06T02:50:43.764122+00:00 WARNING 'ansible_navigator.image_manager.puller._log_message' Image inspection failed, image assumed to be corrupted or missing
2024-12-06T02:50:43.764491+00:00 WARNING 'ansible_navigator.image_manager.puller._log_message' stdout: []

2024-12-06T02:50:43.764519+00:00 WARNING 'ansible_navigator.image_manager.puller._log_message' stderr: Error: docker.io/ansible/ansible-runner:latest: image not known

2024-12-06T02:50:45.579267+00:00 ERROR 'ansible_navigator.image_manager.puller._log_message' Execution environment pull failed
